  main.c
c:\users\braxton\documents\school\generalcs\visual studio 2015\projects\pa7-5 card draw\pa7-5 card draw\main.c(61): warning C4090: 'function': different 'const' qualifiers
c:\users\braxton\documents\school\generalcs\visual studio 2015\projects\pa7-5 card draw\pa7-5 card draw\main.c(77): warning C4090: 'function': different 'const' qualifiers
c:\users\braxton\documents\school\generalcs\visual studio 2015\projects\pa7-5 card draw\pa7-5 card draw\main.c(81): warning C4090: 'function': different 'const' qualifiers
c:\users\braxton\documents\school\generalcs\visual studio 2015\projects\pa7-5 card draw\pa7-5 card draw\main.c(86): warning C4090: 'function': different 'const' qualifiers
c:\users\braxton\documents\school\generalcs\visual studio 2015\projects\pa7-5 card draw\pa7-5 card draw\main.c(108): warning C4090: 'function': different 'const' qualifiers
c:\users\braxton\documents\school\generalcs\visual studio 2015\projects\pa7-5 card draw\pa7-5 card draw\main.c(125): warning C4090: 'function': different 'const' qualifiers
c:\users\braxton\documents\school\generalcs\visual studio 2015\projects\pa7-5 card draw\pa7-5 card draw\main.c(129): warning C4090: 'function': different 'const' qualifiers
c:\users\braxton\documents\school\generalcs\visual studio 2015\projects\pa7-5 card draw\pa7-5 card draw\main.c(134): warning C4090: 'function': different 'const' qualifiers
c:\users\braxton\documents\school\generalcs\visual studio 2015\projects\pa7-5 card draw\pa7-5 card draw\main.c(53): warning C4996: 'scanf': This function or variable may be unsafe. Consider using scanf_s instead. To disable deprecation, use _CRT_SECURE_NO_WARNINGS. See online help for details.
  c:\program files (x86)\windows kits\10\include\10.0.10240.0\ucrt\stdio.h(1270): note: see declaration of 'scanf'
c:\users\braxton\documents\school\generalcs\visual studio 2015\projects\pa7-5 card draw\pa7-5 card draw\main.c(57): warning C4996: 'scanf': This function or variable may be unsafe. Consider using scanf_s instead. To disable deprecation, use _CRT_SECURE_NO_WARNINGS. See online help for details.
  c:\program files (x86)\windows kits\10\include\10.0.10240.0\ucrt\stdio.h(1270): note: see declaration of 'scanf'
c:\users\braxton\documents\school\generalcs\visual studio 2015\projects\pa7-5 card draw\pa7-5 card draw\main.c(100): warning C4996: 'scanf': This function or variable may be unsafe. Consider using scanf_s instead. To disable deprecation, use _CRT_SECURE_NO_WARNINGS. See online help for details.
  c:\program files (x86)\windows kits\10\include\10.0.10240.0\ucrt\stdio.h(1270): note: see declaration of 'scanf'
c:\users\braxton\documents\school\generalcs\visual studio 2015\projects\pa7-5 card draw\pa7-5 card draw\main.c(104): warning C4996: 'scanf': This function or variable may be unsafe. Consider using scanf_s instead. To disable deprecation, use _CRT_SECURE_NO_WARNINGS. See online help for details.
  c:\program files (x86)\windows kits\10\include\10.0.10240.0\ucrt\stdio.h(1270): note: see declaration of 'scanf'
  functions.c
c:\users\braxton\documents\school\generalcs\visual studio 2015\projects\pa7-5 card draw\pa7-5 card draw\functions.c(74): warning C4996: 'scanf': This function or variable may be unsafe. Consider using scanf_s instead. To disable deprecation, use _CRT_SECURE_NO_WARNINGS. See online help for details.
  c:\program files (x86)\windows kits\10\include\10.0.10240.0\ucrt\stdio.h(1270): note: see declaration of 'scanf'
  Generating Code...
  PA7-5 card draw.vcxproj -> C:\Users\Braxton\Documents\School\GeneralCS\Visual Studio 2015\Projects\PA7-5 card draw\Debug\PA7-5 card draw.exe
  PA7-5 card draw.vcxproj -> C:\Users\Braxton\Documents\School\GeneralCS\Visual Studio 2015\Projects\PA7-5 card draw\Debug\PA7-5 card draw.pdb (Full PDB)
